<?xml version="1.0" encoding="UTF-8"?>
<!-- Generated by org.testng.reporters.JUnitReportReporter -->
<testsuite hostname="DESKTOP-7Q000RI" failures="0" tests="2" name="basics_1.Sample" time="0.020" errors="0" timestamp="2021-12-22T19:03:42 IST" skipped="0">
  <testcase classname="basics_1.Sample" name="tc3" time="0.003"/>
  <system-out/>
  <testcase classname="basics_1.Sample" name="tc2" time="0.017"/>
  <system-out/>
</testsuite> <!-- basics_1.Sample -->
